[0.030s] Invoking command in '/home/sakif/ros2_ws/build/my_robot_interfaces': CMAKE_PREFIX_PATH=${CMAKE_PREFIX_PATH}:/home/sakif/ros2_ws/install/my_py_pkg:/opt/ros/humble /usr/bin/cmake --build /home/sakif/ros2_ws/build/my_robot_interfaces -- -j4 -l4
[0.074s] -- Found ament_cmake: 1.3.10 (/opt/ros/humble/share/ament_cmake/cmake)
[0.249s] -- Found rosidl_default_generators: 1.2.0 (/opt/ros/humble/share/rosidl_default_generators/cmake)
[0.249s] -- Using all available rosidl_typesupport_c: rosidl_typesupport_fastrtps_c;rosidl_typesupport_introspection_c
[0.257s] -- Found rosidl_adapter: 3.1.5 (/opt/ros/humble/share/rosidl_adapter/cmake)
[0.287s] -- Using all available rosidl_typesupport_cpp: rosidl_typesupport_fastrtps_cpp;rosidl_typesupport_introspection_cpp
[0.537s] [31mCMake Error at /opt/ros/humble/share/rosidl_adapter/cmake/rosidl_adapt_interfaces.cmake:59 (message):
[0.537s]   execute_process(/usr/bin/python3 -m rosidl_adapter --package-name
[0.537s]   my_robot_interfaces --arguments-file
[0.537s]   /home/sakif/ros2_ws/build/my_robot_interfaces/rosidl_adapter__arguments__my_robot_interfaces.json
[0.538s]   --output-dir
[0.538s]   /home/sakif/ros2_ws/build/my_robot_interfaces/rosidl_adapter/my_robot_interfaces
[0.538s]   --output-file
[0.538s]   /home/sakif/ros2_ws/build/my_robot_interfaces/rosidl_adapter/my_robot_interfaces.idls)
[0.538s]   returned error code 1:
[0.538s] 
[0.539s]   Error processing 'int64[ led_states]' of
[0.539s]   'my_robot_interfaces/LedStateArray': ''int64[' is an invalid message name.
[0.539s]   It should have the pattern '^[A-Z][A-Za-z0-9]*$''
[0.539s] 
[0.539s]   Traceback (most recent call last):
[0.539s] 
[0.539s]     File "/usr/lib/python3.10/runpy.py", line 196, in _run_module_as_main
[0.539s]       return _run_code(code, main_globals, None,
[0.539s]     File "/usr/lib/python3.10/runpy.py", line 86, in _run_code
[0.539s]       exec(code, run_globals)
[0.539s]     File "/opt/ros/humble/local/lib/python3.10/dist-packages/rosidl_adapter/__main__.py", line 19, in <module>
[0.539s]       sys.exit(main())
[0.539s]     File "/opt/ros/humble/local/lib/python3.10/dist-packages/rosidl_adapter/main.py", line 53, in main
[0.539s]       abs_idl_file = convert_to_idl(
[0.540s]     File "/opt/ros/humble/local/lib/python3.10/dist-packages/rosidl_adapter/__init__.py", line 19, in convert_to_idl
[0.540s]       return convert_msg_to_idl(
[0.540s]     File "/opt/ros/humble/local/lib/python3.10/dist-packages/rosidl_adapter/msg/__init__.py", line 28, in convert_msg_to_idl
[0.540s]       msg = parse_message_string(package_name, input_file.stem, content)
[0.540s]     File "/opt/ros/humble/local/lib/python3.10/dist-packages/rosidl_adapter/parser.py", line 520, in parse_message_string
[0.540s]       Type(type_string, context_package_name=pkg_name),
[0.540s]     File "/opt/ros/humble/local/lib/python3.10/dist-packages/rosidl_adapter/parser.py", line 277, in __init__
[0.540s]       super(Type, self).__init__(
[0.540s]     File "/opt/ros/humble/local/lib/python3.10/dist-packages/rosidl_adapter/parser.py", line 205, in __init__
[0.540s]       raise InvalidResourceName(
[0.540s] 
[0.540s]   rosidl_adapter.parser.InvalidResourceName: 'int64[' is an invalid message
[0.540s]   name.  It should have the pattern '^[A-Z][A-Za-z0-9]*$'
[0.540s] 
[0.540s] Call Stack (most recent call first):
[0.540s]   /opt/ros/humble/share/rosidl_cmake/cmake/rosidl_generate_interfaces.cmake:130 (rosidl_adapt_interfaces)
[0.540s]   CMakeLists.txt:12 (rosidl_generate_interfaces)
[0.540s] 
[0.540s] [0m
[0.540s] -- Configuring incomplete, errors occurred!
[0.540s] See also "/home/sakif/ros2_ws/build/my_robot_interfaces/CMakeFiles/CMakeOutput.log".
[0.546s] gmake: *** [Makefile:963: cmake_check_build_system] Error 1
[0.551s] Invoked command in '/home/sakif/ros2_ws/build/my_robot_interfaces' returned '2': CMAKE_PREFIX_PATH=${CMAKE_PREFIX_PATH}:/home/sakif/ros2_ws/install/my_py_pkg:/opt/ros/humble /usr/bin/cmake --build /home/sakif/ros2_ws/build/my_robot_interfaces -- -j4 -l4
